<?xml version="1.0" encoding="UTF-8"?>
<!-- Generated by org.testng.reporters.JUnitXMLReporter -->
<testsuite hostname="MAA-5CG0228XK7" ignored="0" name="Test" tests="6" failures="0" timestamp="2022-02-04T15:31:10 IST" time="0.117" errors="0">
  <testcase name="RestApiAutomation" time="0.012" classname="MavenTutorial.RestApiTest"/>
  <testcase name="RestApiInvoke" time="0.001" classname="MavenTutorial.RestApiTest"/>
  <testcase name="BrowserAutomation" time="0.0" classname="MavenTutorial.SeleniumTest"/>
  <testcase name="Browserinvoke" time="0.0" classname="MavenTutorial.SeleniumTest"/>
  <testcase name="MobileBrowserAutomation" time="0.001" classname="MavenTutorial.AppiumTest"/>
  <testcase name="MobileBrowserInvoke" time="0.001" classname="MavenTutorial.AppiumTest"/>
</testsuite> <!-- Test -->
