<?xml version="1.0" encoding="UTF-8"?>
<testng-results skipped="0" failed="0" ignored="0" total="6" passed="6">
  <reporter-output>
  </reporter-output>
  <suite name="Suite" duration-ms="117" started-at="2022-02-04T15:31:09 IST" finished-at="2022-02-04T15:31:10 IST">
    <groups>
    </groups>
    <test name="Test" duration-ms="117" started-at="2022-02-04T15:31:09 IST" finished-at="2022-02-04T15:31:10 IST">
      <class name="MavenTutorial.RestApiTest">
        <test-method status="PASS" signature="RestApiAutomation()[pri:0, instance:MavenTutorial.RestApiTest@436e852b]" name="RestApiAutomation" duration-ms="12" started-at="2022-02-04T15:31:09 IST" finished-at="2022-02-04T15:31:09 IST">
          <reporter-output>
          </reporter-output>
        </test-method> <!-- RestApiAutomation -->
        <test-method status="PASS" signature="RestApiInvoke()[pri:0, instance:MavenTutorial.RestApiTest@436e852b]" name="RestApiInvoke" duration-ms="1" started-at="2022-02-04T15:31:09 IST" finished-at="2022-02-04T15:31:09 IST">
          <reporter-output>
          </reporter-output>
        </test-method> <!-- RestApiInvoke -->
      </class> <!-- MavenTutorial.RestApiTest -->
      <class name="MavenTutorial.SeleniumTest">
        <test-method status="PASS" signature="BrowserAutomation()[pri:0, instance:MavenTutorial.SeleniumTest@23d2a7e8]" name="BrowserAutomation" duration-ms="0" started-at="2022-02-04T15:31:09 IST" finished-at="2022-02-04T15:31:09 IST">
          <reporter-output>
          </reporter-output>
        </test-method> <!-- BrowserAutomation -->
        <test-method status="PASS" signature="Browserinvoke()[pri:0, instance:MavenTutorial.SeleniumTest@23d2a7e8]" name="Browserinvoke" duration-ms="0" started-at="2022-02-04T15:31:10 IST" finished-at="2022-02-04T15:31:10 IST">
          <reporter-output>
          </reporter-output>
        </test-method> <!-- Browserinvoke -->
      </class> <!-- MavenTutorial.SeleniumTest -->
      <class name="MavenTutorial.AppiumTest">
        <test-method status="PASS" signature="MobileBrowserAutomation()[pri:0, instance:MavenTutorial.AppiumTest@7a9273a8]" name="MobileBrowserAutomation" duration-ms="1" started-at="2022-02-04T15:31:10 IST" finished-at="2022-02-04T15:31:10 IST">
          <reporter-output>
          </reporter-output>
        </test-method> <!-- MobileBrowserAutomation -->
        <test-method status="PASS" signature="MobileBrowserInvoke()[pri:0, instance:MavenTutorial.AppiumTest@7a9273a8]" name="MobileBrowserInvoke" duration-ms="1" started-at="2022-02-04T15:31:10 IST" finished-at="2022-02-04T15:31:10 IST">
          <reporter-output>
          </reporter-output>
        </test-method> <!-- MobileBrowserInvoke -->
      </class> <!-- MavenTutorial.AppiumTest -->
    </test> <!-- Test -->
  </suite> <!-- Suite -->
</testng-results>
