<?xml version="1.0" encoding="UTF-8"?>
<testng-results ignored="0" total="1" passed="1" failed="0" skipped="0">
  <reporter-output>
  </reporter-output>
  <suite started-at="2022-02-04T22:29:02 IST" name="Default suite" finished-at="2022-02-04T22:29:08 IST" duration-ms="5999">
    <groups>
    </groups>
    <test started-at="2022-02-04T22:29:02 IST" name="Default test" finished-at="2022-02-04T22:29:08 IST" duration-ms="5999">
      <class name="MavenTutorial.ExtentReportDemo">
        <test-method is-config="true" signature="config()[pri:0, instance:MavenTutorial.ExtentReportDemo@4659191b]" started-at="2022-02-04T22:29:02 IST" name="config" finished-at="2022-02-04T22:29:02 IST" duration-ms="459" status="PASS">
          <reporter-output>
          </reporter-output>
        </test-method> <!-- config -->
        <test-method signature="initialDemo()[pri:0, instance:MavenTutorial.ExtentReportDemo@4659191b]" started-at="2022-02-04T22:29:02 IST" name="initialDemo" finished-at="2022-02-04T22:29:08 IST" duration-ms="5493" status="PASS">
          <reporter-output>
          </reporter-output>
        </test-method> <!-- initialDemo -->
      </class> <!-- MavenTutorial.ExtentReportDemo -->
    </test> <!-- Default test -->
  </suite> <!-- Default suite -->
</testng-results>
